{"/Users/whr/Projects/ihs/app2/spring-boot-vuejs/frontend/src/App.vue": {"path":"/Users/whr/Projects/ihs/app2/spring-boot-vuejs/frontend/src/App.vue","statementMap":{"0":{"start":{"line":15,"column":0},"end":{"line":null,"column":-1}}},"fnMap":{},"branchMap":{},"s":{"0":1},"f":{},"b":{}}
,"/Users/whr/Projects/ihs/app2/spring-boot-vuejs/frontend/src/components/BookSearch.vue": {"path":"/Users/whr/Projects/ihs/app2/spring-boot-vuejs/frontend/src/components/BookSearch.vue","statementMap":{"0":{"start":{"line":22,"column":0},"end":{"line":null,"column":-1}},"1":{"start":{"line":28,"column":0},"end":{"line":null,"column":-1}},"2":{"start":{"line":36,"column":0},"end":{"line":null,"column":-1}},"3":{"start":{"line":37,"column":0},"end":{"line":null,"column":-1}},"4":{"start":{"line":38,"column":0},"end":{"line":null,"column":-1}},"5":{"start":{"line":39,"column":0},"end":{"line":44,"column":0}},"6":{"start":{"line":41,"column":0},"end":{"line":null,"column":-1}},"7":{"start":{"line":42,"column":0},"end":{"line":null,"column":-1}},"8":{"start":{"line":43,"column":0},"end":{"line":null,"column":-1}}},"fnMap":{"0":{"name":"(anonymous_1)","decl":{"start":{"line":39,"column":0},"end":{"line":null,"column":-1}},"loc":{"start":{"line":39,"column":0},"end":{"line":44,"column":0}}}},"branchMap":{},"s":{"0":1,"1":1,"2":0,"3":0,"4":0,"5":0,"6":0,"7":0,"8":0},"f":{"0":0},"b":{}}
,"/Users/whr/Projects/ihs/app2/spring-boot-vuejs/frontend/src/components/http-common.js": {"path":"/Users/whr/Projects/ihs/app2/spring-boot-vuejs/frontend/src/components/http-common.js","statementMap":{"0":{"start":{"line":3,"column":21},"end":{"line":5,"column":2}}},"fnMap":{},"branchMap":{},"s":{"0":1},"f":{},"b":{},"_coverageSchema":"332fd63041d2c1bcb487cc26dd0d5f7d97098a6c","hash":"ab7f2f0894f7c5f168edb78a0bf4d3676d595b4f"}
}
