TN:
SF:/Users/whr/Projects/ihs/app2/spring-boot-vuejs/frontend/src/App.vue
FNF:0
FNH:0
DA:15,1
LF:1
LH:1
BRF:0
BRH:0
end_of_record
TN:
SF:/Users/whr/Projects/ihs/app2/spring-boot-vuejs/frontend/src/components/BookSearch.vue
FN:39,(anonymous_1)
FNF:1
FNH:0
FNDA:0,(anonymous_1)
DA:22,1
DA:28,1
DA:36,0
DA:37,0
DA:38,0
DA:39,0
DA:41,0
DA:42,0
DA:43,0
LF:9
LH:2
BRF:0
BRH:0
end_of_record
TN:
SF:/Users/whr/Projects/ihs/app2/spring-boot-vuejs/frontend/src/components/http-common.js
FNF:0
FNH:0
DA:3,1
LF:1
LH:1
BRF:0
BRH:0
end_of_record
